2023-11-27 12:27:19 INFO  ReqresRestAPI:16- **********************TC001_GET_SingleUser**********************************
2023-11-27 12:27:21 INFO  ReqresRestAPI:125- *********************Validate Response Body****************************
2023-11-27 12:27:21 INFO  ReqresRestAPI:127- The Response body: {
    "data": {
        "id": 2,
        "email": "janet.weaver@reqres.in",
        "first_name": "Janet",
        "last_name": "Weaver",
        "avatar": "https://reqres.in/img/faces/2-image.jpg"
    },
    "support": {
        "url": "https://reqres.in/#support-heading",
        "text": "To keep ReqRes free, contributions towards server costs are appreciated!"
    }
}
2023-11-27 12:27:21 INFO  ReqresRestAPI:136- *********************Checking Response code****************************
2023-11-27 12:27:21 INFO  ReqresRestAPI:138- The Status code is:200
2023-11-27 12:27:21 INFO  ReqresRestAPI:148- *********************Checking StatusLine****************************
2023-11-27 12:27:21 INFO  ReqresRestAPI:150- The Status Line is: HTTP/1.1 200 OK
2023-11-27 12:27:21 INFO  ReqresRestAPI:160- *********************Checking ResponseTime****************************
2023-11-27 12:27:21 INFO  ReqresRestAPI:162- The response time is:991
2023-11-27 12:27:21 INFO  ReqresRestAPI:174- *********************Checking content type****************************
2023-11-27 12:27:21 INFO  ReqresRestAPI:176- Content type is:application/json; charset=utf-8
2023-11-27 12:27:21 INFO  ReqresRestAPI:49- **************************Finished TC001_GET_SingleUser**********************
2023-11-27 12:27:21 INFO  ReqresRestAPI:15- **********************TC001_GET_AllUsers**********************************
2023-11-27 12:27:21 INFO  ReqresRestAPI:125- *********************Validate Response Body****************************
2023-11-27 12:27:21 INFO  ReqresRestAPI:127- The Response body: {
    "page": 1,
    "per_page": 6,
    "total": 12,
    "total_pages": 2,
    "data": [
        {
            "id": 1,
            "email": "george.bluth@reqres.in",
            "first_name": "George",
            "last_name": "Bluth",
            "avatar": "https://reqres.in/img/faces/1-image.jpg"
        },
        {
            "id": 2,
            "email": "janet.weaver@reqres.in",
            "first_name": "Janet",
            "last_name": "Weaver",
            "avatar": "https://reqres.in/img/faces/2-image.jpg"
        },
        {
            "id": 3,
            "email": "emma.wong@reqres.in",
            "first_name": "Emma",
            "last_name": "Wong",
            "avatar": "https://reqres.in/img/faces/3-image.jpg"
        },
        {
            "id": 4,
            "email": "eve.holt@reqres.in",
            "first_name": "Eve",
            "last_name": "Holt",
            "avatar": "https://reqres.in/img/faces/4-image.jpg"
        },
        {
            "id": 5,
            "email": "charles.morris@reqres.in",
            "first_name": "Charles",
            "last_name": "Morris",
            "avatar": "https://reqres.in/img/faces/5-image.jpg"
        },
        {
            "id": 6,
            "email": "tracey.ramos@reqres.in",
            "first_name": "Tracey",
            "last_name": "Ramos",
            "avatar": "https://reqres.in/img/faces/6-image.jpg"
        }
    ],
    "support": {
        "url": "https://reqres.in/#support-heading",
        "text": "To keep ReqRes free, contributions towards server costs are appreciated!"
    }
}
2023-11-27 12:27:21 INFO  ReqresRestAPI:136- *********************Checking Response code****************************
2023-11-27 12:27:21 INFO  ReqresRestAPI:138- The Status code is:200
2023-11-27 12:27:21 INFO  ReqresRestAPI:148- *********************Checking StatusLine****************************
2023-11-27 12:27:21 INFO  ReqresRestAPI:150- The Status Line is: HTTP/1.1 200 OK
2023-11-27 12:27:21 INFO  ReqresRestAPI:160- *********************Checking ResponseTime****************************
2023-11-27 12:27:21 INFO  ReqresRestAPI:162- The response time is:299
2023-11-27 12:27:21 INFO  ReqresRestAPI:174- *********************Checking content type****************************
2023-11-27 12:27:21 INFO  ReqresRestAPI:176- Content type is:application/json; charset=utf-8
2023-11-27 12:27:21 INFO  ReqresRestAPI:48- **************************Finished TC001_GET_AllUsers**********************
2023-11-27 12:27:22 INFO  ReqresRestAPI:125- *********************Validate Response Body****************************
2023-11-27 12:27:22 INFO  ReqresRestAPI:127- The Response body: {
    "name": "wYgRpP",
    "job": "BhOcJ",
    "id": "59",
    "createdAt": "2023-11-27T06:57:22.417Z"
}
2023-11-27 12:27:22 INFO  ReqresRestAPI:186- *********************Checking Response Body****************************
2023-11-27 12:27:22 INFO  ReqresRestAPI:188- The Response body: {
    "name": "wYgRpP",
    "job": "BhOcJ",
    "id": "59",
    "createdAt": "2023-11-27T06:57:22.417Z"
}
2023-11-27 12:27:22 INFO  ReqresRestAPI:136- *********************Checking Response code****************************
2023-11-27 12:27:22 INFO  ReqresRestAPI:138- The Status code is:201
2023-11-27 12:27:22 INFO  ReqresRestAPI:148- *********************Checking StatusLine****************************
2023-11-27 12:27:22 INFO  ReqresRestAPI:150- The Status Line is: HTTP/1.1 201 Created
2023-11-27 12:27:22 INFO  ReqresRestAPI:174- *********************Checking content type****************************
2023-11-27 12:27:22 INFO  ReqresRestAPI:176- Content type is:application/json; charset=utf-8
2023-11-27 12:27:22 INFO  ReqresRestAPI:62- **************************Finished TC003_POST_Userdetail**********************
2023-11-27 12:27:23 INFO  ReqresRestAPI:186- *********************Checking Response Body****************************
2023-11-27 12:27:23 INFO  ReqresRestAPI:188- The Response body: {
    "name": "GOidlm",
    "job": "pIiiC",
    "updatedAt": "2023-11-27T06:57:23.059Z"
}
2023-11-27 12:27:23 INFO  ReqresRestAPI:136- *********************Checking Response code****************************
2023-11-27 12:27:23 INFO  ReqresRestAPI:138- The Status code is:200
2023-11-27 12:27:23 INFO  ReqresRestAPI:148- *********************Checking StatusLine****************************
2023-11-27 12:27:23 INFO  ReqresRestAPI:150- The Status Line is: HTTP/1.1 200 OK
2023-11-27 12:27:23 INFO  ReqresRestAPI:174- *********************Checking content type****************************
2023-11-27 12:27:23 INFO  ReqresRestAPI:176- Content type is:application/json; charset=utf-8
2023-11-27 12:27:23 INFO  ReqresRestAPI:54- **************************Finished TC004_PUT_Userdetail**********************
2023-11-27 12:27:24 INFO  ReqresRestAPI:125- *********************Validate Response Body****************************
2023-11-27 12:27:24 INFO  ReqresRestAPI:127- The Response body: 
2023-11-27 12:27:24 INFO  ReqresRestAPI:136- *********************Checking Response code****************************
2023-11-27 12:27:24 INFO  ReqresRestAPI:138- The Status code is:204
2023-11-27 12:27:24 INFO  ReqresRestAPI:148- *********************Checking StatusLine****************************
2023-11-27 12:27:24 INFO  ReqresRestAPI:150- The Status Line is: HTTP/1.1 204 No Content
2023-11-27 12:27:24 INFO  ReqresRestAPI:47- **************************Finished TC005_DELETE_Userdetail**********************
2023-11-27 12:29:03 INFO  ReqresRestAPI:16- **********************TC001_GET_SingleUser**********************************
2023-11-27 12:29:04 INFO  ReqresRestAPI:125- *********************Validate Response Body****************************
2023-11-27 12:29:04 INFO  ReqresRestAPI:127- The Response body: {
    "data": {
        "id": 2,
        "email": "janet.weaver@reqres.in",
        "first_name": "Janet",
        "last_name": "Weaver",
        "avatar": "https://reqres.in/img/faces/2-image.jpg"
    },
    "support": {
        "url": "https://reqres.in/#support-heading",
        "text": "To keep ReqRes free, contributions towards server costs are appreciated!"
    }
}
2023-11-27 12:29:04 INFO  ReqresRestAPI:136- *********************Checking Response code****************************
2023-11-27 12:29:04 INFO  ReqresRestAPI:138- The Status code is:200
2023-11-27 12:29:04 INFO  ReqresRestAPI:148- *********************Checking StatusLine****************************
2023-11-27 12:29:04 INFO  ReqresRestAPI:150- The Status Line is: HTTP/1.1 200 OK
2023-11-27 12:29:04 INFO  ReqresRestAPI:160- *********************Checking ResponseTime****************************
2023-11-27 12:29:04 INFO  ReqresRestAPI:162- The response time is:946
2023-11-27 12:29:04 INFO  ReqresRestAPI:174- *********************Checking content type****************************
2023-11-27 12:29:04 INFO  ReqresRestAPI:176- Content type is:application/json; charset=utf-8
2023-11-27 12:29:04 INFO  ReqresRestAPI:49- **************************Finished TC001_GET_SingleUser**********************
2023-11-27 12:29:04 INFO  ReqresRestAPI:15- **********************TC001_GET_AllUsers**********************************
2023-11-27 12:29:05 INFO  ReqresRestAPI:125- *********************Validate Response Body****************************
2023-11-27 12:29:05 INFO  ReqresRestAPI:127- The Response body: {
    "page": 1,
    "per_page": 6,
    "total": 12,
    "total_pages": 2,
    "data": [
        {
            "id": 1,
            "email": "george.bluth@reqres.in",
            "first_name": "George",
            "last_name": "Bluth",
            "avatar": "https://reqres.in/img/faces/1-image.jpg"
        },
        {
            "id": 2,
            "email": "janet.weaver@reqres.in",
            "first_name": "Janet",
            "last_name": "Weaver",
            "avatar": "https://reqres.in/img/faces/2-image.jpg"
        },
        {
            "id": 3,
            "email": "emma.wong@reqres.in",
            "first_name": "Emma",
            "last_name": "Wong",
            "avatar": "https://reqres.in/img/faces/3-image.jpg"
        },
        {
            "id": 4,
            "email": "eve.holt@reqres.in",
            "first_name": "Eve",
            "last_name": "Holt",
            "avatar": "https://reqres.in/img/faces/4-image.jpg"
        },
        {
            "id": 5,
            "email": "charles.morris@reqres.in",
            "first_name": "Charles",
            "last_name": "Morris",
            "avatar": "https://reqres.in/img/faces/5-image.jpg"
        },
        {
            "id": 6,
            "email": "tracey.ramos@reqres.in",
            "first_name": "Tracey",
            "last_name": "Ramos",
            "avatar": "https://reqres.in/img/faces/6-image.jpg"
        }
    ],
    "support": {
        "url": "https://reqres.in/#support-heading",
        "text": "To keep ReqRes free, contributions towards server costs are appreciated!"
    }
}
2023-11-27 12:29:05 INFO  ReqresRestAPI:136- *********************Checking Response code****************************
2023-11-27 12:29:05 INFO  ReqresRestAPI:138- The Status code is:200
2023-11-27 12:29:05 INFO  ReqresRestAPI:148- *********************Checking StatusLine****************************
2023-11-27 12:29:05 INFO  ReqresRestAPI:150- The Status Line is: HTTP/1.1 200 OK
2023-11-27 12:29:05 INFO  ReqresRestAPI:160- *********************Checking ResponseTime****************************
2023-11-27 12:29:05 INFO  ReqresRestAPI:162- The response time is:543
2023-11-27 12:29:05 INFO  ReqresRestAPI:174- *********************Checking content type****************************
2023-11-27 12:29:05 INFO  ReqresRestAPI:176- Content type is:application/json; charset=utf-8
2023-11-27 12:29:05 INFO  ReqresRestAPI:48- **************************Finished TC001_GET_AllUsers**********************
2023-11-27 12:29:06 INFO  ReqresRestAPI:125- *********************Validate Response Body****************************
2023-11-27 12:29:06 INFO  ReqresRestAPI:127- The Response body: {
    "name": "xFbaBR",
    "job": "QVlAq",
    "id": "536",
    "createdAt": "2023-11-27T06:59:06.158Z"
}
2023-11-27 12:29:06 INFO  ReqresRestAPI:186- *********************Checking Response Body****************************
2023-11-27 12:29:06 INFO  ReqresRestAPI:188- The Response body: {
    "name": "xFbaBR",
    "job": "QVlAq",
    "id": "536",
    "createdAt": "2023-11-27T06:59:06.158Z"
}
2023-11-27 12:29:06 INFO  ReqresRestAPI:136- *********************Checking Response code****************************
2023-11-27 12:29:06 INFO  ReqresRestAPI:138- The Status code is:201
2023-11-27 12:29:06 INFO  ReqresRestAPI:148- *********************Checking StatusLine****************************
2023-11-27 12:29:06 INFO  ReqresRestAPI:150- The Status Line is: HTTP/1.1 201 Created
2023-11-27 12:29:06 INFO  ReqresRestAPI:174- *********************Checking content type****************************
2023-11-27 12:29:06 INFO  ReqresRestAPI:176- Content type is:application/json; charset=utf-8
2023-11-27 12:29:06 INFO  ReqresRestAPI:62- **************************Finished TC003_POST_Userdetail**********************
2023-11-27 12:29:07 INFO  ReqresRestAPI:186- *********************Checking Response Body****************************
2023-11-27 12:29:07 INFO  ReqresRestAPI:188- The Response body: {
    "name": "GgXqjc",
    "job": "pLWUP",
    "updatedAt": "2023-11-27T06:59:06.877Z"
}
2023-11-27 12:29:07 INFO  ReqresRestAPI:136- *********************Checking Response code****************************
2023-11-27 12:29:07 INFO  ReqresRestAPI:138- The Status code is:200
2023-11-27 12:29:07 INFO  ReqresRestAPI:148- *********************Checking StatusLine****************************
2023-11-27 12:29:07 INFO  ReqresRestAPI:150- The Status Line is: HTTP/1.1 200 OK
2023-11-27 12:29:07 INFO  ReqresRestAPI:174- *********************Checking content type****************************
2023-11-27 12:29:07 INFO  ReqresRestAPI:176- Content type is:application/json; charset=utf-8
2023-11-27 12:29:07 INFO  ReqresRestAPI:54- **************************Finished TC004_PUT_Userdetail**********************
2023-11-27 12:29:09 INFO  ReqresRestAPI:125- *********************Validate Response Body****************************
2023-11-27 12:29:09 INFO  ReqresRestAPI:127- The Response body: 
2023-11-27 12:29:09 INFO  ReqresRestAPI:136- *********************Checking Response code****************************
2023-11-27 12:29:09 INFO  ReqresRestAPI:138- The Status code is:204
2023-11-27 12:29:09 INFO  ReqresRestAPI:148- *********************Checking StatusLine****************************
2023-11-27 12:29:09 INFO  ReqresRestAPI:150- The Status Line is: HTTP/1.1 204 No Content
2023-11-27 12:29:09 INFO  ReqresRestAPI:47- **************************Finished TC005_DELETE_Userdetail**********************
